<?xml version="1.0" encoding="UTF-8"?>
<testng-results ignored="0" total="1" passed="1" failed="0" skipped="0">
  <reporter-output>
  </reporter-output>
  <suite started-at="2021-10-21T21:13:41 EET" name="Surefire suite" finished-at="2021-10-21T21:13:41 EET" duration-ms="108">
    <groups>
    </groups>
    <test started-at="2021-10-21T21:13:41 EET" name="Surefire test" finished-at="2021-10-21T21:13:41 EET" duration-ms="108">
      <class name="whiteRose.AppTest">
        <test-method signature="shouldAnswerWithTrue()" started-at="2021-10-21T21:13:41 EET" name="shouldAnswerWithTrue" finished-at="2021-10-21T21:13:41 EET" duration-ms="20" status="PASS">
          <reporter-output>
          </reporter-output>
        </test-method> <!-- shouldAnswerWithTrue -->
      </class> <!-- whiteRose.AppTest -->
    </test> <!-- Surefire test -->
  </suite> <!-- Surefire suite -->
</testng-results>
